-------------------------------------------------------------------------------
Test set: dev.rafael.automation.pratice.selenium.tests.DressesPageTest
-------------------------------------------------------------------------------
Tests run: 1, Failures: 0, Errors: 1, Skipped: 0, Time elapsed: 0.156 s <<< FAILURE! - in dev.rafael.automation.pratice.selenium.tests.DressesPageTest
dev.rafael.automation.pratice.selenium.tests.DressesPageTest.test  Time elapsed: 0.154 s  <<< ERROR!
org.openqa.selenium.SessionNotCreatedException: 
Could not start a new session. Response code 500. Message: session not created
from unknown error: cannot find Chrome binary 
Host info: host: 'DELL_WRSS', ip: '192.168.0.102'
Build info: version: '4.29.0', revision: '5fc1ec94cb'
System info: os.name: 'Windows 11', os.arch: 'amd64', os.version: '10.0', java.version: '11.0.25'
Driver info: org.openqa.selenium.chrome.ChromeDriver
Command: [null, newSession {capabilities=[Capabilities {browserName: chrome, goog:chromeOptions: {args: [], extensions: []}}]}]
	at dev.rafael.automation.pratice.selenium.tests.DressesPageTest.setUp(DressesPageTest.java:16)

